<?xml version="1.0" encoding="UTF-8"?>
<robot generator="Robot 3.2.2 (Python 3.10.2 on win32)" generated="20221101 10:52:38.068" rpa="false">
<suite id="s1" name="SaleInvoiceCreationRT1" source="D:\Basit\Robot Framework\Robot Tests for Jenkins\SaleInvoiceCreationRT1">
<suite id="s1-s1" name="SaleInvoiceTest1" source="D:\Basit\Robot Framework\Robot Tests for Jenkins\SaleInvoiceCreationRT1\SaleInvoiceTest1">
<suite id="s1-s1-s1" name="SaleInvoiceCreation1" source="D:\Basit\Robot Framework\Robot Tests for Jenkins\SaleInvoiceCreationRT1\SaleInvoiceTest1\SaleInvoiceCreation1.robot">
<test id="s1-s1-s1-t1" name="Log in and create a Sale Invoice">
<kw name="Open Browser" library="SeleniumLibrary">
<doc>Opens a new browser instance to the optional ``url``.</doc>
<arguments>
<arg>${url}</arg>
<arg>${browser}</arg>
</arguments>
<msg timestamp="20221101 10:52:38.350" level="INFO">Opening browser 'chrome' to base url 'https://hysabat.jmmtest.xyz/login'.</msg>
<status status="PASS" starttime="20221101 10:52:38.350" endtime="20221101 10:52:41.442"></status>
</kw>
<kw name="Maximize Browser Window" library="SeleniumLibrary">
<doc>Maximizes current browser window.</doc>
<status status="PASS" starttime="20221101 10:52:41.442" endtime="20221101 10:53:00.053"></status>
</kw>
<kw name="Sleep">
<kw name="Sleep" library="BuiltIn">
<doc>Pauses the test executed for the given time.</doc>
<arguments>
<arg>2</arg>
</arguments>
<msg timestamp="20221101 10:53:02.072" level="INFO">Slept 2 seconds</msg>
<status status="PASS" starttime="20221101 10:53:00.056" endtime="20221101 10:53:02.073"></status>
</kw>
<status status="PASS" starttime="20221101 10:53:00.054" endtime="20221101 10:53:02.074"></status>
</kw>
<kw name="Log in">
<kw name="Input Text" library="SeleniumLibrary">
<doc>Types the given ``text`` into the text field identified by ``locator``.</doc>
<arguments>
<arg>id:username</arg>
<arg>admin</arg>
</arguments>
<msg timestamp="20221101 10:53:02.078" level="INFO">Typing text 'admin' into text field 'id:username'.</msg>
<msg timestamp="20221101 10:53:22.978" level="WARN">Keyword 'Capture Page Screenshot' could not be run on failure: Message: chrome not reachable
  (Session info: chrome=105.0.5195.102)
Stacktrace:
Backtrace:
	Ordinal0 [0x003C78B3+2193587]
	Ordinal0 [0x00360681+1771137]
	Ordinal0 [0x00274070+802928]
	Ordinal0 [0x00269AB2+760498]
	Ordinal0 [0x0025CEAF+708271]
	Ordinal0 [0x00261142+725314]
	Ordinal0 [0x002655C9+742857]
	Ordinal0 [0x00275500+808192]
	Ordinal0 [0x002CD2C2+1168066]
	Ordinal0 [0x002BD5C6+1103302]
	Ordinal0 [0x002977E0+948192]
	Ordinal0 [0x002986E6+952038]
	GetHandleVerifier [0x00670CB2+2738370]
	GetHandleVerifier [0x006621B8+2678216]
	GetHandleVerifier [0x004517AA+512954]
	GetHandleVerifier [0x00450856+509030]
	Ordinal0 [0x0036743B+1799227]
	Ordinal0 [0x0036BB68+1817448]
	Ordinal0 [0x0036BC55+1817685]
	Ordinal0 [0x00375230+1856048]
	BaseThreadInitThunk [0x74EAFA29+25]
	RtlGetAppContainerNamedObjectPath [0x76F47BBE+286]
	RtlGetAppContainerNamedObjectPath [0x76F47B8E+238]
</msg>
<msg timestamp="20221101 10:53:23.044" level="FAIL">WebDriverException: Message: chrome not reachable
  (Session info: chrome=105.0.5195.102)
Stacktrace:
Backtrace:
	Ordinal0 [0x003C78B3+2193587]
	Ordinal0 [0x00360681+1771137]
	Ordinal0 [0x00274070+802928]
	Ordinal0 [0x00269AB2+760498]
	Ordinal0 [0x0025CEAF+708271]
	Ordinal0 [0x00261142+725314]
	Ordinal0 [0x002655C9+742857]
	Ordinal0 [0x00275500+808192]
	Ordinal0 [0x002CD2C2+1168066]
	Ordinal0 [0x002BD5C6+1103302]
	Ordinal0 [0x002977E0+948192]
	Ordinal0 [0x002986E6+952038]
	GetHandleVerifier [0x00670CB2+2738370]
	GetHandleVerifier [0x006621B8+2678216]
	GetHandleVerifier [0x004517AA+512954]
	GetHandleVerifier [0x00450856+509030]
	Ordinal0 [0x0036743B+1799227]
	Ordinal0 [0x0036BB68+1817448]
	Ordinal0 [0x0036BC55+1817685]
	Ordinal0 [0x00375230+1856048]
	BaseThreadInitThunk [0x74EAFA29+25]
	RtlGetAppContainerNamedObjectPath [0x76F47BBE+286]
	RtlGetAppContainerNamedObjectPath [0x76F47B8E+238]
</msg>
<status status="FAIL" starttime="20221101 10:53:02.077" endtime="20221101 10:53:23.045"></status>
</kw>
<status status="FAIL" starttime="20221101 10:53:02.075" endtime="20221101 10:53:23.045"></status>
</kw>
<status status="FAIL" starttime="20221101 10:52:38.349" endtime="20221101 10:53:23.046" critical="yes">WebDriverException: Message: chrome not reachable
  (Session info: chrome=105.0.5195.102)
Stacktrace:
Backtrace:
	Ordinal0 [0x003C78B3+2193587]
	Ordinal0 [0x00360681+1771137]
	Ordinal0 [0x00274070+802928]
	Ordinal0 [0x00269AB2+760498]
	Ordinal0 [0x0025CEAF+708271]
	Ordinal0 [0x00261142+725314]
	Ordinal0 [0x002655C9+742857]
	Ordinal0 [0x00275500+808192]
	Ordinal0 [0x002CD2C2+1168066]
	Ordinal0 [0x002BD5C6+1103302]
	Ordinal0 [0x002977E0+948192]
	Ordinal0 [0x002986E6+952038]
	GetHandleVerifier [0x00670CB2+2738370]
	GetHandleVerifier [0x006621B8+2678216]
	GetHandleVerifier [0x004517AA+512954]
	GetHandleVerifier [0x00450856+509030]
	Ordinal0 [0x0036743B+1799227]
	Ordinal0 [0x0036BB68+1817448]
	Ordinal0 [0x0036BC55+1817685]
	Ordinal0 [0x00375230+1856048]
	BaseThreadInitThunk [0x74EAFA29+25]
	RtlGetAppContainerNamedObjectPath [0x76F47BBE+286]
	RtlGetAppContainerNamedObjectPath [0x76F47B8E+238]
</status>
</test>
<status status="FAIL" starttime="20221101 10:52:38.133" endtime="20221101 10:53:23.047"></status>
</suite>
<status status="FAIL" starttime="20221101 10:52:38.131" endtime="20221101 10:53:23.049"></status>
</suite>
<status status="FAIL" starttime="20221101 10:52:38.109" endtime="20221101 10:53:23.051"></status>
</suite>
<statistics>
<total>
<stat pass="0" fail="1">Critical Tests</stat>
<stat pass="0" fail="1">All Tests</stat>
</total>
<tag>
</tag>
<suite>
<stat pass="0" fail="1" id="s1" name="SaleInvoiceCreationRT1">SaleInvoiceCreationRT1</stat>
<stat pass="0" fail="1" id="s1-s1" name="SaleInvoiceTest1">SaleInvoiceCreationRT1.SaleInvoiceTest1</stat>
<stat pass="0" fail="1" id="s1-s1-s1" name="SaleInvoiceCreation1">SaleInvoiceCreationRT1.SaleInvoiceTest1.SaleInvoiceCreation1</stat>
</suite>
</statistics>
<errors>
<msg timestamp="20221101 10:53:22.978" level="WARN">Keyword 'Capture Page Screenshot' could not be run on failure: Message: chrome not reachable
  (Session info: chrome=105.0.5195.102)
Stacktrace:
Backtrace:
	Ordinal0 [0x003C78B3+2193587]
	Ordinal0 [0x00360681+1771137]
	Ordinal0 [0x00274070+802928]
	Ordinal0 [0x00269AB2+760498]
	Ordinal0 [0x0025CEAF+708271]
	Ordinal0 [0x00261142+725314]
	Ordinal0 [0x002655C9+742857]
	Ordinal0 [0x00275500+808192]
	Ordinal0 [0x002CD2C2+1168066]
	Ordinal0 [0x002BD5C6+1103302]
	Ordinal0 [0x002977E0+948192]
	Ordinal0 [0x002986E6+952038]
	GetHandleVerifier [0x00670CB2+2738370]
	GetHandleVerifier [0x006621B8+2678216]
	GetHandleVerifier [0x004517AA+512954]
	GetHandleVerifier [0x00450856+509030]
	Ordinal0 [0x0036743B+1799227]
	Ordinal0 [0x0036BB68+1817448]
	Ordinal0 [0x0036BC55+1817685]
	Ordinal0 [0x00375230+1856048]
	BaseThreadInitThunk [0x74EAFA29+25]
	RtlGetAppContainerNamedObjectPath [0x76F47BBE+286]
	RtlGetAppContainerNamedObjectPath [0x76F47B8E+238]
</msg>
</errors>
</robot>
